C:\Users\arous\Downloads\test\Nouveau Document texte.java,C:\Users\arous\Downloads\test\java\Nouveau Document texte.java,2025-07-03 10:27:18
C:\Users\arous\Downloads\test\Nouveau Document texte.png,C:\Users\arous\Downloads\test\png\Nouveau Document texte.png,2025-07-03 10:27:18
C:\Users\arous\Downloads\test\Nouveau Document texte.py,C:\Users\arous\Downloads\test\py\Nouveau Document texte.py,2025-07-03 10:27:18
C:\Users\arous\Downloads\test\py\Nouveau Document texte.py,C:\Users\arous\Downloads\test\Nouveau Document texte.py,2025-07-03 10:27:44
C:\Users\arous\Downloads\test\png\Nouveau Document texte.png,C:\Users\arous\Downloads\test\Nouveau Document texte.png,2025-07-03 10:27:49
C:\Users\arous\Downloads\test\java\Nouveau Document texte.java,C:\Users\arous\Downloads\test\Nouveau Document texte.java,2025-07-03 10:27:50
C:\Users\arous\Desktop\.git.rar,C:\Users\arous\Desktop\rar\.git.rar,2025-07-03 10:28:15
C:\Users\arous\Desktop\2021-DBIR.pdf,C:\Users\arous\Desktop\pdf\2021-DBIR.pdf,2025-07-03 10:28:15
C:\Users\arous\Desktop\2022-DBIR.pdf,C:\Users\arous\Desktop\pdf\2022-DBIR.pdf,2025-07-03 10:28:15
C:\Users\arous\Desktop\2023-DIBR.pdf,C:\Users\arous\Desktop\pdf\2023-DIBR.pdf,2025-07-03 10:28:15
C:\Users\arous\Desktop\2024-2025 MODALITES DES EVALUATIONS.pdf,C:\Users\arous\Desktop\pdf\2024-2025 MODALITES DES EVALUATIONS.pdf,2025-07-03 10:28:15
C:\Users\arous\Desktop\2024-DIBR (1).pdf,C:\Users\arous\Desktop\pdf\2024-DIBR (1).pdf,2025-07-03 10:28:15
C:\Users\arous\Desktop\2024-DIBR.pdf,C:\Users\arous\Desktop\pdf\2024-DIBR.pdf,2025-07-03 10:28:15
C:\Users\arous\Desktop\2025-3ICS-PresentationProjets_1 (1).pdf,C:\Users\arous\Desktop\pdf\2025-3ICS-PresentationProjets_1 (1).pdf,2025-07-03 10:28:15
C:\Users\arous\Desktop\3ics-2025_alexispicot (1).pdf,C:\Users\arous\Desktop\pdf\3ics-2025_alexispicot (1).pdf,2025-07-03 10:28:15
C:\Users\arous\Desktop\3ics-2025_alexispicot.pdf,C:\Users\arous\Desktop\pdf\3ics-2025_alexispicot.pdf,2025-07-03 10:28:15
C:\Users\arous\Desktop\3ICS-INFRA-RES-PROJET-PARTIE-II.pkt,C:\Users\arous\Desktop\pkt\3ICS-INFRA-RES-PROJET-PARTIE-II.pkt,2025-07-03 10:28:15
C:\Users\arous\Desktop\3on3 FreeStyle Rebound.url,C:\Users\arous\Desktop\url\3on3 FreeStyle Rebound.url,2025-07-03 10:28:15
C:\Users\arous\Desktop\814850 GYZE - HONESTY.osz,C:\Users\arous\Desktop\osz\814850 GYZE - HONESTY.osz,2025-07-03 10:28:15
C:\Users\arous\Desktop\admin-windows-main.zip,C:\Users\arous\Desktop\zip\admin-windows-main.zip,2025-07-03 10:28:15
C:\Users\arous\Desktop\Analyse de la formation en cybersécurité pour le travail nomade (1).pdf,C:\Users\arous\Desktop\pdf\Analyse de la formation en cybersécurité pour le travail nomade (1).pdf,2025-07-03 10:28:15
C:\Users\arous\Desktop\Analyse de la formation en cybersécurité pour le travail nomade.pdf,C:\Users\arous\Desktop\pdf\Analyse de la formation en cybersécurité pour le travail nomade.pdf,2025-07-03 10:28:15
C:\Users\arous\Desktop\Anglais (1).docx,C:\Users\arous\Desktop\docx\Anglais (1).docx,2025-07-03 10:28:15
C:\Users\arous\Desktop\Anglais.docx,C:\Users\arous\Desktop\docx\Anglais.docx,2025-07-03 10:28:15
C:\Users\arous\Desktop\APznzaYmZsMyg9pVWhHDj8j8lOmYp4x4Ktf_duZWHg9WMJ1WxEWtxyjgkO1go-FVABDKf8n9YHGmyEdclPDDfVitbwyI0Uh4dOXCPz47BAso4Z3owwzTQKoXvBfDmOA1q_YfiZZWjJyN-fij0OPbxbvNlZls6tp9uAm-JPRzVCvxFhvv6Z1sKLGhD4bRj2WcqUyplocFKy6VmGb.pdf,C:\Users\arous\Desktop\pdf\APznzaYmZsMyg9pVWhHDj8j8lOmYp4x4Ktf_duZWHg9WMJ1WxEWtxyjgkO1go-FVABDKf8n9YHGmyEdclPDDfVitbwyI0Uh4dOXCPz47BAso4Z3owwzTQKoXvBfDmOA1q_YfiZZWjJyN-fij0OPbxbvNlZls6tp9uAm-JPRzVCvxFhvv6Z1sKLGhD4bRj2WcqUyplocFKy6VmGb.pdf,2025-07-03 10:28:15
C:\Users\arous\Desktop\AROUS Wissem Cover Letter.odt,C:\Users\arous\Desktop\odt\AROUS Wissem Cover Letter.odt,2025-07-03 10:28:15
C:\Users\arous\Desktop\AROUS Wissem Cover Letter.pdf,C:\Users\arous\Desktop\pdf\AROUS Wissem Cover Letter.pdf,2025-07-03 10:28:15
C:\Users\arous\Desktop\AROUS Wissem CV (1).pdf,C:\Users\arous\Desktop\pdf\AROUS Wissem CV (1).pdf,2025-07-03 10:28:15
C:\Users\arous\Desktop\AROUS Wissem CV (2).pdf,C:\Users\arous\Desktop\pdf\AROUS Wissem CV (2).pdf,2025-07-03 10:28:15
C:\Users\arous\Desktop\AROUS Wissem CV (3).pdf,C:\Users\arous\Desktop\pdf\AROUS Wissem CV (3).pdf,2025-07-03 10:28:15
C:\Users\arous\Desktop\AROUS Wissem CV.pdf,C:\Users\arous\Desktop\pdf\AROUS Wissem CV.pdf,2025-07-03 10:28:15
C:\Users\arous\Desktop\AROUS Wissem English CV.pdf,C:\Users\arous\Desktop\pdf\AROUS Wissem English CV.pdf,2025-07-03 10:28:15
C:\Users\arous\Desktop\Arous_Wissem CoverLetter.pdf,C:\Users\arous\Desktop\pdf\Arous_Wissem CoverLetter.pdf,2025-07-03 10:28:15
C:\Users\arous\Desktop\Atelier 6.pdf,C:\Users\arous\Desktop\pdf\Atelier 6.pdf,2025-07-03 10:28:15
C:\Users\arous\Desktop\ATTESTATION D'ASSISTANCE STAGE A.PDF,C:\Users\arous\Desktop\pdf\ATTESTATION D'ASSISTANCE STAGE A.PDF,2025-07-03 10:28:15
C:\Users\arous\Desktop\Attestation RC Stage scolaire AOUCHICHE ERWAN - AR253196.pdf,C:\Users\arous\Desktop\pdf\Attestation RC Stage scolaire AOUCHICHE ERWAN - AR253196.pdf,2025-07-03 10:28:15
C:\Users\arous\Desktop\badlogic.jpg,C:\Users\arous\Desktop\jpg\badlogic.jpg,2025-07-03 10:28:15
C:\Users\arous\Desktop\balenaEtcher-1.19.25.Setup.exe,C:\Users\arous\Desktop\exe\balenaEtcher-1.19.25.Setup.exe,2025-07-03 10:28:15
C:\Users\arous\Desktop\balenaEtcher.lnk,C:\Users\arous\Desktop\lnk\balenaEtcher.lnk,2025-07-03 10:28:15
C:\Users\arous\Desktop\battleship-tftworking-master.rar,C:\Users\arous\Desktop\rar\battleship-tftworking-master.rar,2025-07-03 10:28:15
C:\Users\arous\Desktop\Brawlhalla.url,C:\Users\arous\Desktop\url\Brawlhalla.url,2025-07-03 10:28:15
C:\Users\arous\Desktop\Bruno.lnk,C:\Users\arous\Desktop\lnk\Bruno.lnk,2025-07-03 10:28:15
C:\Users\arous\Desktop\Cahier des charges.pdf,C:\Users\arous\Desktop\pdf\Cahier des charges.pdf,2025-07-03 10:28:15
C:\Users\arous\Desktop\cahier-des-charges-coinstrip.docx,C:\Users\arous\Desktop\docx\cahier-des-charges-coinstrip.docx,2025-07-03 10:28:15
C:\Users\arous\Desktop\carte50205_091444.jpg,C:\Users\arous\Desktop\jpg\carte50205_091444.jpg,2025-07-03 10:28:16
C:\Users\arous\Desktop\CD - TD2 - AROUS Wissem.pdf,C:\Users\arous\Desktop\pdf\CD - TD2 - AROUS Wissem.pdf,2025-07-03 10:28:16
C:\Users\arous\Desktop\ChromeSetup.exe,C:\Users\arous\Desktop\exe\ChromeSetup.exe,2025-07-03 10:28:16
C:\Users\arous\Desktop\CM_Mondialisation-démondialisation_Ecocitoyen_Prise-notes.odt,C:\Users\arous\Desktop\odt\CM_Mondialisation-démondialisation_Ecocitoyen_Prise-notes.odt,2025-07-03 10:28:16
C:\Users\arous\Desktop\code git hub .txt,C:\Users\arous\Desktop\txt\code git hub .txt,2025-07-03 10:28:16
C:\Users\arous\Desktop\CPE-Red thread exercise.pptx,C:\Users\arous\Desktop\pptx\CPE-Red thread exercise.pptx,2025-07-03 10:28:16
C:\Users\arous\Desktop\CPE_SQL_TomyRULLIAT_ErwanAOUCHICHE.docx,C:\Users\arous\Desktop\docx\CPE_SQL_TomyRULLIAT_ErwanAOUCHICHE.docx,2025-07-03 10:28:16
C:\Users\arous\Desktop\CreateBaseFilm.sql,C:\Users\arous\Desktop\sql\CreateBaseFilm.sql,2025-07-03 10:28:16
C:\Users\arous\Desktop\DBSCG FW.lnk,C:\Users\arous\Desktop\lnk\DBSCG FW.lnk,2025-07-03 10:28:16
C:\Users\arous\Desktop\debug.log,C:\Users\arous\Desktop\log\debug.log,2025-07-03 10:28:16
C:\Users\arous\Desktop\default.png,C:\Users\arous\Desktop\png\default.png,2025-07-03 10:28:16
C:\Users\arous\Desktop\dependance.md,C:\Users\arous\Desktop\md\dependance.md,2025-07-03 10:28:16
C:\Users\arous\Desktop\desktop.ini,C:\Users\arous\Desktop\ini\desktop.ini,2025-07-03 10:28:16
C:\Users\arous\Desktop\Dev.drawio,C:\Users\arous\Desktop\drawio\Dev.drawio,2025-07-03 10:28:16
C:\Users\arous\Desktop\DiagrammeCas.png,C:\Users\arous\Desktop\png\DiagrammeCas.png,2025-07-03 10:28:16
C:\Users\arous\Desktop\DonneesFilm.sql,C:\Users\arous\Desktop\sql\DonneesFilm.sql,2025-07-03 10:28:16
C:\Users\arous\Desktop\DRAGON BALL Sparking! ZERO.url,C:\Users\arous\Desktop\url\DRAGON BALL Sparking! ZERO.url,2025-07-03 10:28:16
C:\Users\arous\Desktop\dzdd.zip,C:\Users\arous\Desktop\zip\dzdd.zip,2025-07-03 10:28:16
C:\Users\arous\Desktop\EN-web_app_vulns.pdf,C:\Users\arous\Desktop\pdf\EN-web_app_vulns.pdf,2025-07-03 10:28:16
C:\Users\arous\Desktop\English Spanish.pdf,C:\Users\arous\Desktop\pdf\English Spanish.pdf,2025-07-03 10:28:16
C:\Users\arous\Desktop\ERWAN3ICS-INFRA-RES-PROJET-PARTIE-II.pkt,C:\Users\arous\Desktop\pkt\ERWAN3ICS-INFRA-RES-PROJET-PARTIE-II.pkt,2025-07-03 10:28:16
C:\Users\arous\Desktop\Etude - Activité 1 (non noté) - AROUS Wissem.docx,C:\Users\arous\Desktop\docx\Etude - Activité 1 (non noté) - AROUS Wissem.docx,2025-07-03 10:28:16
C:\Users\arous\Desktop\Fall Guys.url,C:\Users\arous\Desktop\url\Fall Guys.url,2025-07-03 10:28:16
C:\Users\arous\Desktop\fdfd.md,C:\Users\arous\Desktop\md\fdfd.md,2025-07-03 10:28:16
C:\Users\arous\Desktop\final-project-main.zip,C:\Users\arous\Desktop\zip\final-project-main.zip,2025-07-03 10:28:16
C:\Users\arous\Desktop\GCSE Computer Science.pdf,C:\Users\arous\Desktop\pdf\GCSE Computer Science.pdf,2025-07-03 10:28:16
C:\Users\arous\Desktop\gdx-liftoff-1.13.1.3.jar,C:\Users\arous\Desktop\jar\gdx-liftoff-1.13.1.3.jar,2025-07-03 10:28:16
C:\Users\arous\Desktop\Geometry Dash.url,C:\Users\arous\Desktop\url\Geometry Dash.url,2025-07-03 10:28:16
C:\Users\arous\Desktop\Gouvernance - AROUS Wissem - C1 TD1.pdf,C:\Users\arous\Desktop\pdf\Gouvernance - AROUS Wissem - C1 TD1.pdf,2025-07-03 10:28:16
C:\Users\arous\Desktop\Honkai Star Rail.lnk,C:\Users\arous\Desktop\lnk\Honkai Star Rail.lnk,2025-07-03 10:28:16
C:\Users\arous\Desktop\HoYoPlay.lnk,C:\Users\arous\Desktop\lnk\HoYoPlay.lnk,2025-07-03 10:28:16
C:\Users\arous\Desktop\ideaIU-2024.3.2.2.exe,C:\Users\arous\Desktop\exe\ideaIU-2024.3.2.2.exe,2025-07-03 10:28:16
C:\Users\arous\Desktop\Install League of Legends euw.exe,C:\Users\arous\Desktop\exe\Install League of Legends euw.exe,2025-07-03 10:28:16
C:\Users\arous\Desktop\iVCam_x64_v7.3.4.exe,C:\Users\arous\Desktop\exe\iVCam_x64_v7.3.4.exe,2025-07-03 10:28:16
C:\Users\arous\Desktop\JeuDev.drawio,C:\Users\arous\Desktop\drawio\JeuDev.drawio,2025-07-03 10:28:16
C:\Users\arous\Desktop\Just Shapes & Beats.url,C:\Users\arous\Desktop\url\Just Shapes & Beats.url,2025-07-03 10:28:16
C:\Users\arous\Desktop\url\Just Shapes & Beats.url,C:\Users\arous\Desktop\Just Shapes & Beats.url,2025-07-03 10:28:46
C:\Users\arous\Desktop\drawio\JeuDev.drawio,C:\Users\arous\Desktop\JeuDev.drawio,2025-07-03 10:28:48
C:\Users\arous\Desktop\exe\iVCam_x64_v7.3.4.exe,C:\Users\arous\Desktop\iVCam_x64_v7.3.4.exe,2025-07-03 10:28:48
C:\Users\arous\Desktop\exe\Install League of Legends euw.exe,C:\Users\arous\Desktop\Install League of Legends euw.exe,2025-07-03 10:28:48
C:\Users\arous\Desktop\exe\ideaIU-2024.3.2.2.exe,C:\Users\arous\Desktop\ideaIU-2024.3.2.2.exe,2025-07-03 10:28:48
C:\Users\arous\Desktop\lnk\HoYoPlay.lnk,C:\Users\arous\Desktop\HoYoPlay.lnk,2025-07-03 10:28:48
C:\Users\arous\Desktop\lnk\Honkai Star Rail.lnk,C:\Users\arous\Desktop\Honkai Star Rail.lnk,2025-07-03 10:28:49
C:\Users\arous\Desktop\pdf\Gouvernance - AROUS Wissem - C1 TD1.pdf,C:\Users\arous\Desktop\Gouvernance - AROUS Wissem - C1 TD1.pdf,2025-07-03 10:28:49
C:\Users\arous\Desktop\url\Geometry Dash.url,C:\Users\arous\Desktop\Geometry Dash.url,2025-07-03 10:28:49
C:\Users\arous\Desktop\jar\gdx-liftoff-1.13.1.3.jar,C:\Users\arous\Desktop\gdx-liftoff-1.13.1.3.jar,2025-07-03 10:28:49
C:\Users\arous\Desktop\pdf\GCSE Computer Science.pdf,C:\Users\arous\Desktop\GCSE Computer Science.pdf,2025-07-03 10:28:49
C:\Users\arous\Desktop\zip\final-project-main.zip,C:\Users\arous\Desktop\final-project-main.zip,2025-07-03 10:28:49
C:\Users\arous\Desktop\md\fdfd.md,C:\Users\arous\Desktop\fdfd.md,2025-07-03 10:28:49
C:\Users\arous\Desktop\url\Fall Guys.url,C:\Users\arous\Desktop\Fall Guys.url,2025-07-03 10:28:50
C:\Users\arous\Desktop\docx\Etude - Activité 1 (non noté) - AROUS Wissem.docx,C:\Users\arous\Desktop\Etude - Activité 1 (non noté) - AROUS Wissem.docx,2025-07-03 10:28:50
C:\Users\arous\Desktop\pkt\ERWAN3ICS-INFRA-RES-PROJET-PARTIE-II.pkt,C:\Users\arous\Desktop\ERWAN3ICS-INFRA-RES-PROJET-PARTIE-II.pkt,2025-07-03 10:28:50
C:\Users\arous\Desktop\pdf\English Spanish.pdf,C:\Users\arous\Desktop\English Spanish.pdf,2025-07-03 10:28:50
C:\Users\arous\Desktop\pdf\EN-web_app_vulns.pdf,C:\Users\arous\Desktop\EN-web_app_vulns.pdf,2025-07-03 10:28:50
C:\Users\arous\Desktop\zip\dzdd.zip,C:\Users\arous\Desktop\dzdd.zip,2025-07-03 10:28:50
C:\Users\arous\Desktop\url\DRAGON BALL Sparking! ZERO.url,C:\Users\arous\Desktop\DRAGON BALL Sparking! ZERO.url,2025-07-03 10:28:50
C:\Users\arous\Desktop\sql\DonneesFilm.sql,C:\Users\arous\Desktop\DonneesFilm.sql,2025-07-03 10:28:50
C:\Users\arous\Desktop\png\DiagrammeCas.png,C:\Users\arous\Desktop\DiagrammeCas.png,2025-07-03 10:28:51
C:\Users\arous\Desktop\drawio\Dev.drawio,C:\Users\arous\Desktop\Dev.drawio,2025-07-03 10:28:51
C:\Users\arous\Desktop\ini\desktop.ini,C:\Users\arous\Desktop\desktop.ini,2025-07-03 10:28:51
C:\Users\arous\Desktop\md\dependance.md,C:\Users\arous\Desktop\dependance.md,2025-07-03 10:28:51
C:\Users\arous\Desktop\png\default.png,C:\Users\arous\Desktop\default.png,2025-07-03 10:28:51
C:\Users\arous\Desktop\log\debug.log,C:\Users\arous\Desktop\debug.log,2025-07-03 10:28:51
C:\Users\arous\Desktop\lnk\DBSCG FW.lnk,C:\Users\arous\Desktop\DBSCG FW.lnk,2025-07-03 10:28:51
C:\Users\arous\Desktop\sql\CreateBaseFilm.sql,C:\Users\arous\Desktop\CreateBaseFilm.sql,2025-07-03 10:28:51
C:\Users\arous\Desktop\docx\CPE_SQL_TomyRULLIAT_ErwanAOUCHICHE.docx,C:\Users\arous\Desktop\CPE_SQL_TomyRULLIAT_ErwanAOUCHICHE.docx,2025-07-03 10:28:51
C:\Users\arous\Desktop\pptx\CPE-Red thread exercise.pptx,C:\Users\arous\Desktop\CPE-Red thread exercise.pptx,2025-07-03 10:28:51
C:\Users\arous\Desktop\txt\code git hub .txt,C:\Users\arous\Desktop\code git hub .txt,2025-07-03 10:28:51
C:\Users\arous\Desktop\odt\CM_Mondialisation-démondialisation_Ecocitoyen_Prise-notes.odt,C:\Users\arous\Desktop\CM_Mondialisation-démondialisation_Ecocitoyen_Prise-notes.odt,2025-07-03 10:28:51
C:\Users\arous\Desktop\exe\ChromeSetup.exe,C:\Users\arous\Desktop\ChromeSetup.exe,2025-07-03 10:28:52
C:\Users\arous\Desktop\pdf\CD - TD2 - AROUS Wissem.pdf,C:\Users\arous\Desktop\CD - TD2 - AROUS Wissem.pdf,2025-07-03 10:28:52
C:\Users\arous\Desktop\jpg\carte50205_091444.jpg,C:\Users\arous\Desktop\carte50205_091444.jpg,2025-07-03 10:28:52
C:\Users\arous\Desktop\docx\cahier-des-charges-coinstrip.docx,C:\Users\arous\Desktop\cahier-des-charges-coinstrip.docx,2025-07-03 10:28:52
C:\Users\arous\Desktop\pdf\Cahier des charges.pdf,C:\Users\arous\Desktop\Cahier des charges.pdf,2025-07-03 10:28:52
C:\Users\arous\Desktop\lnk\Bruno.lnk,C:\Users\arous\Desktop\Bruno.lnk,2025-07-03 10:28:52
C:\Users\arous\Desktop\url\Brawlhalla.url,C:\Users\arous\Desktop\Brawlhalla.url,2025-07-03 10:28:52
C:\Users\arous\Desktop\rar\battleship-tftworking-master.rar,C:\Users\arous\Desktop\battleship-tftworking-master.rar,2025-07-03 10:28:52
C:\Users\arous\Desktop\lnk\balenaEtcher.lnk,C:\Users\arous\Desktop\balenaEtcher.lnk,2025-07-03 10:28:52
C:\Users\arous\Desktop\exe\balenaEtcher-1.19.25.Setup.exe,C:\Users\arous\Desktop\balenaEtcher-1.19.25.Setup.exe,2025-07-03 10:28:52
C:\Users\arous\Desktop\jpg\badlogic.jpg,C:\Users\arous\Desktop\badlogic.jpg,2025-07-03 10:28:52
C:\Users\arous\Desktop\pdf\Attestation RC Stage scolaire AOUCHICHE ERWAN - AR253196.pdf,C:\Users\arous\Desktop\Attestation RC Stage scolaire AOUCHICHE ERWAN - AR253196.pdf,2025-07-03 10:28:53
C:\Users\arous\Desktop\pdf\ATTESTATION D'ASSISTANCE STAGE A.PDF,C:\Users\arous\Desktop\ATTESTATION D'ASSISTANCE STAGE A.PDF,2025-07-03 10:28:53
C:\Users\arous\Desktop\pdf\Atelier 6.pdf,C:\Users\arous\Desktop\Atelier 6.pdf,2025-07-03 10:28:53
C:\Users\arous\Desktop\pdf\Arous_Wissem CoverLetter.pdf,C:\Users\arous\Desktop\Arous_Wissem CoverLetter.pdf,2025-07-03 10:28:53
C:\Users\arous\Desktop\pdf\AROUS Wissem English CV.pdf,C:\Users\arous\Desktop\AROUS Wissem English CV.pdf,2025-07-03 10:28:53
C:\Users\arous\Desktop\pdf\AROUS Wissem CV.pdf,C:\Users\arous\Desktop\AROUS Wissem CV.pdf,2025-07-03 10:28:53
C:\Users\arous\Desktop\pdf\AROUS Wissem CV (3).pdf,C:\Users\arous\Desktop\AROUS Wissem CV (3).pdf,2025-07-03 10:28:53
C:\Users\arous\Desktop\pdf\AROUS Wissem CV (2).pdf,C:\Users\arous\Desktop\AROUS Wissem CV (2).pdf,2025-07-03 10:28:53
C:\Users\arous\Desktop\pdf\AROUS Wissem CV (1).pdf,C:\Users\arous\Desktop\AROUS Wissem CV (1).pdf,2025-07-03 10:28:53
C:\Users\arous\Desktop\pdf\AROUS Wissem Cover Letter.pdf,C:\Users\arous\Desktop\AROUS Wissem Cover Letter.pdf,2025-07-03 10:28:53
C:\Users\arous\Desktop\odt\AROUS Wissem Cover Letter.odt,C:\Users\arous\Desktop\AROUS Wissem Cover Letter.odt,2025-07-03 10:28:53
C:\Users\arous\Desktop\pdf\APznzaYmZsMyg9pVWhHDj8j8lOmYp4x4Ktf_duZWHg9WMJ1WxEWtxyjgkO1go-FVABDKf8n9YHGmyEdclPDDfVitbwyI0Uh4dOXCPz47BAso4Z3owwzTQKoXvBfDmOA1q_YfiZZWjJyN-fij0OPbxbvNlZls6tp9uAm-JPRzVCvxFhvv6Z1sKLGhD4bRj2WcqUyplocFKy6VmGb.pdf,C:\Users\arous\Desktop\APznzaYmZsMyg9pVWhHDj8j8lOmYp4x4Ktf_duZWHg9WMJ1WxEWtxyjgkO1go-FVABDKf8n9YHGmyEdclPDDfVitbwyI0Uh4dOXCPz47BAso4Z3owwzTQKoXvBfDmOA1q_YfiZZWjJyN-fij0OPbxbvNlZls6tp9uAm-JPRzVCvxFhvv6Z1sKLGhD4bRj2WcqUyplocFKy6VmGb.pdf,2025-07-03 10:28:53
C:\Users\arous\Desktop\docx\Anglais.docx,C:\Users\arous\Desktop\Anglais.docx,2025-07-03 10:28:54
C:\Users\arous\Desktop\docx\Anglais (1).docx,C:\Users\arous\Desktop\Anglais (1).docx,2025-07-03 10:28:54
C:\Users\arous\Desktop\pdf\Analyse de la formation en cybersécurité pour le travail nomade.pdf,C:\Users\arous\Desktop\Analyse de la formation en cybersécurité pour le travail nomade.pdf,2025-07-03 10:28:54
C:\Users\arous\Desktop\pdf\Analyse de la formation en cybersécurité pour le travail nomade (1).pdf,C:\Users\arous\Desktop\Analyse de la formation en cybersécurité pour le travail nomade (1).pdf,2025-07-03 10:28:54
C:\Users\arous\Desktop\zip\admin-windows-main.zip,C:\Users\arous\Desktop\admin-windows-main.zip,2025-07-03 10:28:54
C:\Users\arous\Desktop\osz\814850 GYZE - HONESTY.osz,C:\Users\arous\Desktop\814850 GYZE - HONESTY.osz,2025-07-03 10:28:54
C:\Users\arous\Desktop\url\3on3 FreeStyle Rebound.url,C:\Users\arous\Desktop\3on3 FreeStyle Rebound.url,2025-07-03 10:28:54
C:\Users\arous\Desktop\pkt\3ICS-INFRA-RES-PROJET-PARTIE-II.pkt,C:\Users\arous\Desktop\3ICS-INFRA-RES-PROJET-PARTIE-II.pkt,2025-07-03 10:28:54
C:\Users\arous\Desktop\pdf\3ics-2025_alexispicot.pdf,C:\Users\arous\Desktop\3ics-2025_alexispicot.pdf,2025-07-03 10:28:54
C:\Users\arous\Desktop\pdf\3ics-2025_alexispicot (1).pdf,C:\Users\arous\Desktop\3ics-2025_alexispicot (1).pdf,2025-07-03 10:28:54
C:\Users\arous\Desktop\pdf\2025-3ICS-PresentationProjets_1 (1).pdf,C:\Users\arous\Desktop\2025-3ICS-PresentationProjets_1 (1).pdf,2025-07-03 10:28:54
C:\Users\arous\Desktop\pdf\2024-DIBR.pdf,C:\Users\arous\Desktop\2024-DIBR.pdf,2025-07-03 10:28:54
C:\Users\arous\Desktop\pdf\2024-DIBR (1).pdf,C:\Users\arous\Desktop\2024-DIBR (1).pdf,2025-07-03 10:28:55
C:\Users\arous\Desktop\pdf\2024-2025 MODALITES DES EVALUATIONS.pdf,C:\Users\arous\Desktop\2024-2025 MODALITES DES EVALUATIONS.pdf,2025-07-03 10:28:55
C:\Users\arous\Desktop\pdf\2023-DIBR.pdf,C:\Users\arous\Desktop\2023-DIBR.pdf,2025-07-03 10:28:55
C:\Users\arous\Desktop\pdf\2022-DBIR.pdf,C:\Users\arous\Desktop\2022-DBIR.pdf,2025-07-03 10:28:55
C:\Users\arous\Desktop\pdf\2021-DBIR.pdf,C:\Users\arous\Desktop\2021-DBIR.pdf,2025-07-03 10:28:55
C:\Users\arous\Desktop\rar\.git.rar,C:\Users\arous\Desktop\.git.rar,2025-07-03 10:28:55
